\BOOKMARK [0][-]{chapter.1}{\376\377\137\025\212\000}{}% 1
\BOOKMARK [1][-]{section.1.1}{\376\377\151\202\217\360}{chapter.1}% 2
\BOOKMARK [1][-]{section.1.2}{\376\377\170\024\172\166\163\260\162\266}{chapter.1}% 3
\BOOKMARK [1][-]{section.1.3}{\376\377\164\006\213\272\127\372\170\100}{chapter.1}% 4
\BOOKMARK [1][-]{section.1.4}{\376\377\116\343\170\001\176\323\147\204}{chapter.1}% 5
\BOOKMARK [1][-]{section.1.5}{\376\377\230\204\147\037\145\110\147\234}{chapter.1}% 6
\BOOKMARK [0][-]{chapter.2}{\376\377\133\371\121\370\131\032\217\271\137\142\217\333\210\114\116\011\211\322\123\026}{}% 7
\BOOKMARK [1][-]{section.2.1}{\376\377\151\202\217\360}{chapter.2}% 8
\BOOKMARK [0][-]{chapter.3}{\376\377\137\025\165\050\116\016\224\376\143\245}{}% 9
\BOOKMARK [1][-]{section.3.1}{\376\377\201\032\154\350}{chapter.3}% 10
\BOOKMARK [1][-]{section.3.2}{\376\377\137\025\165\050\145\207\116\055\134\017\202\202}{chapter.3}% 11
\BOOKMARK [1][-]{section.3.3}{\376\377\137\025\165\050\123\302\200\003\145\207\163\056}{chapter.3}% 12
\BOOKMARK [1][-]{section.3.4}{\376\377\224\376\143\245\166\370\121\163}{chapter.3}% 13
\BOOKMARK [0][-]{chapter.4}{\376\377\121\166\133\203\150\074\137\017}{}% 14
\BOOKMARK [1][-]{section.4.1}{\376\377\116\343\170\001}{chapter.4}% 15
\BOOKMARK [2][-]{subsection.4.1.1}{\376\377\123\237\131\313\116\343\170\001}{section.4.1}% 16
\BOOKMARK [2][-]{subsection.4.1.2}{\376\377\116\343\170\001\232\330\116\256}{section.4.1}% 17
\BOOKMARK [2][-]{subsection.4.1.3}{\376\377\173\227\154\325\143\317\217\360\000/\117\052\116\343\170\001}{section.4.1}% 18
\BOOKMARK [1][-]{section.4.2}{\376\377\176\330\126\376}{chapter.4}% 19
\BOOKMARK [1][-]{section.4.3}{\376\377\121\231\127\050\147\000\124\016}{chapter.4}% 20
\BOOKMARK [0][-]{section*.1}{\376\377\123\302\200\003\145\207\163\056}{}% 21
\BOOKMARK [0][-]{section*.3}{\376\377\201\364\214\042}{}% 22
\BOOKMARK [0][-]{appendix.A}{\376\377\145\160\143\156}{}% 23
\BOOKMARK [1][-]{section.A.1}{\376\377\173\054\116\000\116\052\155\113\213\325}{appendix.A}% 24
